{"/Users/ugur-mac/Projects/age-of-empires-app/src/components/AgesFilter/index.tsx": {"path":"/Users/ugur-mac/Projects/age-of-empires-app/src/components/AgesFilter/index.tsx","statementMap":{"0":{"start":{"line":1,"column":0},"end":{"line":1,"column":42}},"1":{"start":{"line":3,"column":19},"end":{"line":48,"column":1}},"2":{"start":{"line":4,"column":15},"end":{"line":30,"column":4}},"3":{"start":{"line":32,"column":19},"end":{"line":32,"column":32}},"4":{"start":{"line":34,"column":20},"end":{"line":37,"column":3}},"5":{"start":{"line":35,"column":17},"end":{"line":35,"column":53}},"6":{"start":{"line":36,"column":4},"end":{"line":36,"column":51}},"7":{"start":{"line":39,"column":2},"end":{"line":47,"column":null}},"8":{"start":{"line":43,"column":36},"end":{"line":43,"column":58}},"9":{"start":{"line":50,"column":0},"end":{"line":50,"column":null}}},"fnMap":{"0":{"name":"(anonymous_0)","decl":{"start":{"line":3,"column":19},"end":{"line":3,"column":22}},"loc":{"start":{"line":3,"column":24},"end":{"line":48,"column":1}}},"1":{"name":"(anonymous_1)","decl":{"start":{"line":34,"column":20},"end":{"line":34,"column":21}},"loc":{"start":{"line":34,"column":63},"end":{"line":37,"column":3}}},"2":{"name":"(anonymous_2)","decl":{"start":{"line":43,"column":26},"end":{"line":43,"column":27}},"loc":{"start":{"line":43,"column":36},"end":{"line":43,"column":58}}}},"branchMap":{"0":{"loc":{"start":{"line":43,"column":9},"end":{"line":44,"column":32}},"type":"binary-expr","locations":[{"start":{"line":43,"column":9},"end":{"line":43,"column":13}},{"start":{"line":43,"column":17},"end":{"line":44,"column":32}}]}},"s":{"0":2,"1":2,"2":8,"3":8,"4":8,"5":2,"6":2,"7":8,"8":40,"9":2},"f":{"0":8,"1":2,"2":40},"b":{"0":[8,8]}}
,"/Users/ugur-mac/Projects/age-of-empires-app/src/components/CostFilters/index.tsx": {"path":"/Users/ugur-mac/Projects/age-of-empires-app/src/components/CostFilters/index.tsx","statementMap":{"0":{"start":{"line":2,"column":0},"end":{"line":2,"column":49}},"1":{"start":{"line":10,"column":20},"end":{"line":22,"column":1}},"2":{"start":{"line":11,"column":2},"end":{"line":21,"column":null}},"3":{"start":{"line":17,"column":10},"end":{"line":17,"column":38}},"4":{"start":{"line":24,"column":0},"end":{"line":24,"column":null}}},"fnMap":{"0":{"name":"(anonymous_0)","decl":{"start":{"line":10,"column":20},"end":{"line":10,"column":21}},"loc":{"start":{"line":10,"column":57},"end":{"line":22,"column":1}}},"1":{"name":"(anonymous_1)","decl":{"start":{"line":16,"column":41},"end":{"line":16,"column":42}},"loc":{"start":{"line":17,"column":10},"end":{"line":17,"column":38}}}},"branchMap":{},"s":{"0":1,"1":1,"2":5,"3":15,"4":1},"f":{"0":5,"1":15},"b":{}}
,"/Users/ugur-mac/Projects/age-of-empires-app/src/components/CostRangeSlider/index.tsx": {"path":"/Users/ugur-mac/Projects/age-of-empires-app/src/components/CostRangeSlider/index.tsx","statementMap":{"0":{"start":{"line":1,"column":0},"end":{"line":1,"column":51}},"1":{"start":{"line":2,"column":0},"end":{"line":2,"column":49}},"2":{"start":{"line":3,"column":0},"end":{"line":3,"column":55}},"3":{"start":{"line":4,"column":0},"end":{"line":4,"column":22}},"4":{"start":{"line":9,"column":24},"end":{"line":65,"column":1}},"5":{"start":{"line":10,"column":19},"end":{"line":10,"column":32}},"6":{"start":{"line":11,"column":26},"end":{"line":11,"column":69}},"7":{"start":{"line":11,"column":57},"end":{"line":11,"column":68}},"8":{"start":{"line":12,"column":22},"end":{"line":12,"column":39}},"9":{"start":{"line":14,"column":25},"end":{"line":24,"column":3}},"10":{"start":{"line":15,"column":17},"end":{"line":15,"column":63}},"11":{"start":{"line":16,"column":4},"end":{"line":23,"column":null}},"12":{"start":{"line":26,"column":27},"end":{"line":36,"column":3}},"13":{"start":{"line":27,"column":22},"end":{"line":27,"column":64}},"14":{"start":{"line":28,"column":4},"end":{"line":35,"column":null}},"15":{"start":{"line":38,"column":2},"end":{"line":64,"column":null}},"16":{"start":{"line":48,"column":38},"end":{"line":48,"column":64}},"17":{"start":{"line":59,"column":38},"end":{"line":59,"column":66}},"18":{"start":{"line":60,"column":45},"end":{"line":60,"column":73}},"19":{"start":{"line":67,"column":0},"end":{"line":67,"column":null}}},"fnMap":{"0":{"name":"(anonymous_0)","decl":{"start":{"line":9,"column":24},"end":{"line":9,"column":25}},"loc":{"start":{"line":9,"column":41},"end":{"line":65,"column":1}}},"1":{"name":"(anonymous_1)","decl":{"start":{"line":11,"column":38},"end":{"line":11,"column":39}},"loc":{"start":{"line":11,"column":57},"end":{"line":11,"column":68}}},"2":{"name":"(anonymous_2)","decl":{"start":{"line":14,"column":25},"end":{"line":14,"column":26}},"loc":{"start":{"line":14,"column":75},"end":{"line":24,"column":3}}},"3":{"name":"(anonymous_3)","decl":{"start":{"line":26,"column":27},"end":{"line":26,"column":28}},"loc":{"start":{"line":26,"column":58},"end":{"line":36,"column":3}}},"4":{"name":"(anonymous_4)","decl":{"start":{"line":48,"column":22},"end":{"line":48,"column":23}},"loc":{"start":{"line":48,"column":38},"end":{"line":48,"column":64}}},"5":{"name":"(anonymous_5)","decl":{"start":{"line":59,"column":17},"end":{"line":59,"column":18}},"loc":{"start":{"line":59,"column":38},"end":{"line":59,"column":66}}},"6":{"name":"(anonymous_6)","decl":{"start":{"line":60,"column":24},"end":{"line":60,"column":25}},"loc":{"start":{"line":60,"column":45},"end":{"line":60,"column":73}}}},"branchMap":{},"s":{"0":2,"1":2,"2":2,"3":2,"4":2,"5":18,"6":18,"7":36,"8":18,"9":18,"10":1,"11":1,"12":18,"13":0,"14":0,"15":18,"16":1,"17":0,"18":0,"19":2},"f":{"0":18,"1":36,"2":1,"3":0,"4":1,"5":0,"6":0},"b":{}}
,"/Users/ugur-mac/Projects/age-of-empires-app/src/components/Header/Header.tsx": {"path":"/Users/ugur-mac/Projects/age-of-empires-app/src/components/Header/Header.tsx","statementMap":{"0":{"start":{"line":1,"column":0},"end":{"line":1,"column":40}},"1":{"start":{"line":3,"column":15},"end":{"line":16,"column":1}},"2":{"start":{"line":4,"column":2},"end":{"line":15,"column":null}},"3":{"start":{"line":18,"column":0},"end":{"line":18,"column":null}}},"fnMap":{"0":{"name":"(anonymous_0)","decl":{"start":{"line":3,"column":15},"end":{"line":3,"column":18}},"loc":{"start":{"line":3,"column":20},"end":{"line":16,"column":1}}}},"branchMap":{},"s":{"0":1,"1":1,"2":3,"3":1},"f":{"0":3},"b":{}}
,"/Users/ugur-mac/Projects/age-of-empires-app/src/components/Table/index.tsx": {"path":"/Users/ugur-mac/Projects/age-of-empires-app/src/components/Table/index.tsx","statementMap":{"0":{"start":{"line":2,"column":0},"end":{"line":2,"column":35}},"1":{"start":{"line":3,"column":0},"end":{"line":3,"column":41}},"2":{"start":{"line":10,"column":35},"end":{"line":17,"column":1}},"3":{"start":{"line":11,"column":2},"end":{"line":16,"column":null}},"4":{"start":{"line":19,"column":0},"end":{"line":19,"column":null}}},"fnMap":{"0":{"name":"(anonymous_0)","decl":{"start":{"line":10,"column":35},"end":{"line":10,"column":36}},"loc":{"start":{"line":10,"column":48},"end":{"line":17,"column":1}}}},"branchMap":{"0":{"loc":{"start":{"line":14,"column":7},"end":{"line":14,"column":43}},"type":"binary-expr","locations":[{"start":{"line":14,"column":7},"end":{"line":14,"column":11}},{"start":{"line":14,"column":15},"end":{"line":14,"column":43}}]}},"s":{"0":1,"1":1,"2":1,"3":5,"4":1},"f":{"0":5},"b":{"0":[5,5]}}
,"/Users/ugur-mac/Projects/age-of-empires-app/src/components/Table/TableContent/index.tsx": {"path":"/Users/ugur-mac/Projects/age-of-empires-app/src/components/Table/TableContent/index.tsx","statementMap":{"0":{"start":{"line":2,"column":0},"end":{"line":2,"column":39}},"1":{"start":{"line":9,"column":42},"end":{"line":29,"column":1}},"2":{"start":{"line":10,"column":2},"end":{"line":28,"column":null}},"3":{"start":{"line":13,"column":8},"end":{"line":13,"column":null}},"4":{"start":{"line":19,"column":12},"end":{"line":19,"column":null}},"5":{"start":{"line":31,"column":0},"end":{"line":31,"column":null}}},"fnMap":{"0":{"name":"(anonymous_0)","decl":{"start":{"line":9,"column":42},"end":{"line":9,"column":43}},"loc":{"start":{"line":9,"column":55},"end":{"line":29,"column":1}}},"1":{"name":"(anonymous_1)","decl":{"start":{"line":12,"column":45},"end":{"line":12,"column":46}},"loc":{"start":{"line":13,"column":8},"end":{"line":13,"column":null}}},"2":{"name":"(anonymous_2)","decl":{"start":{"line":18,"column":95},"end":{"line":18,"column":96}},"loc":{"start":{"line":19,"column":12},"end":{"line":19,"column":null}}}},"branchMap":{"0":{"loc":{"start":{"line":12,"column":7},"end":{"line":26,"column":9}},"type":"cond-expr","locations":[{"start":{"line":12,"column":16},"end":{"line":12,"column":30}},{"start":{"line":12,"column":35},"end":{"line":26,"column":8}}]},"1":{"loc":{"start":{"line":18,"column":51},"end":{"line":22,"column":20}},"type":"binary-expr","locations":[{"start":{"line":18,"column":51},"end":{"line":18,"column":60}},{"start":{"line":18,"column":64},"end":{"line":22,"column":20}}]},"2":{"loc":{"start":{"line":21,"column":15},"end":{"line":21,"column":50}},"type":"cond-expr","locations":[{"start":{"line":21,"column":42},"end":{"line":21,"column":45}},{"start":{"line":21,"column":48},"end":{"line":21,"column":50}}]}},"s":{"0":1,"1":1,"2":5,"3":5,"4":10,"5":1},"f":{"0":5,"1":5,"2":10},"b":{"0":[0,5],"1":[5,5],"2":[5,5]}}
,"/Users/ugur-mac/Projects/age-of-empires-app/src/components/Table/TableHead/index.tsx": {"path":"/Users/ugur-mac/Projects/age-of-empires-app/src/components/Table/TableHead/index.tsx","statementMap":{"0":{"start":{"line":1,"column":18},"end":{"line":12,"column":1}},"1":{"start":{"line":2,"column":2},"end":{"line":11,"column":null}},"2":{"start":{"line":14,"column":0},"end":{"line":14,"column":null}}},"fnMap":{"0":{"name":"(anonymous_0)","decl":{"start":{"line":1,"column":18},"end":{"line":1,"column":21}},"loc":{"start":{"line":1,"column":23},"end":{"line":12,"column":1}}}},"branchMap":{},"s":{"0":1,"1":5,"2":1},"f":{"0":5},"b":{}}
,"/Users/ugur-mac/Projects/age-of-empires-app/src/pages/UnitDetail/index.tsx": {"path":"/Users/ugur-mac/Projects/age-of-empires-app/src/pages/UnitDetail/index.tsx","statementMap":{"0":{"start":{"line":1,"column":0},"end":{"line":1,"column":42}},"1":{"start":{"line":2,"column":0},"end":{"line":2,"column":44}},"2":{"start":{"line":4,"column":0},"end":{"line":4,"column":22}},"3":{"start":{"line":6,"column":19},"end":{"line":81,"column":1}},"4":{"start":{"line":7,"column":17},"end":{"line":7,"column":28}},"5":{"start":{"line":8,"column":36},"end":{"line":8,"column":79}},"6":{"start":{"line":8,"column":67},"end":{"line":8,"column":78}},"7":{"start":{"line":10,"column":2},"end":{"line":12,"column":3}},"8":{"start":{"line":11,"column":4},"end":{"line":11,"column":29}},"9":{"start":{"line":14,"column":2},"end":{"line":16,"column":3}},"10":{"start":{"line":15,"column":4},"end":{"line":15,"column":33}},"11":{"start":{"line":18,"column":15},"end":{"line":18,"column":50}},"12":{"start":{"line":18,"column":39},"end":{"line":18,"column":49}},"13":{"start":{"line":20,"column":2},"end":{"line":22,"column":3}},"14":{"start":{"line":21,"column":4},"end":{"line":21,"column":33}},"15":{"start":{"line":24,"column":2},"end":{"line":80,"column":null}},"16":{"start":{"line":83,"column":0},"end":{"line":83,"column":null}}},"fnMap":{"0":{"name":"(anonymous_0)","decl":{"start":{"line":6,"column":19},"end":{"line":6,"column":22}},"loc":{"start":{"line":6,"column":24},"end":{"line":81,"column":1}}},"1":{"name":"(anonymous_1)","decl":{"start":{"line":8,"column":48},"end":{"line":8,"column":49}},"loc":{"start":{"line":8,"column":67},"end":{"line":8,"column":78}}},"2":{"name":"(anonymous_2)","decl":{"start":{"line":18,"column":26},"end":{"line":18,"column":27}},"loc":{"start":{"line":18,"column":39},"end":{"line":18,"column":49}}}},"branchMap":{"0":{"loc":{"start":{"line":10,"column":2},"end":{"line":12,"column":3}},"type":"if","locations":[{"start":{"line":10,"column":2},"end":{"line":12,"column":3}}]},"1":{"loc":{"start":{"line":14,"column":2},"end":{"line":16,"column":3}},"type":"if","locations":[{"start":{"line":14,"column":2},"end":{"line":16,"column":3}}]},"2":{"loc":{"start":{"line":20,"column":2},"end":{"line":22,"column":3}},"type":"if","locations":[{"start":{"line":20,"column":2},"end":{"line":22,"column":3}}]},"3":{"loc":{"start":{"line":31,"column":17},"end":{"line":31,"column":44}},"type":"cond-expr","locations":[{"start":{"line":31,"column":27},"end":{"line":31,"column":34}},{"start":{"line":31,"column":37},"end":{"line":31,"column":44}}]},"4":{"loc":{"start":{"line":35,"column":17},"end":{"line":35,"column":50}},"type":"cond-expr","locations":[{"start":{"line":35,"column":29},"end":{"line":35,"column":38}},{"start":{"line":35,"column":41},"end":{"line":35,"column":50}}]},"5":{"loc":{"start":{"line":39,"column":17},"end":{"line":39,"column":71}},"type":"cond-expr","locations":[{"start":{"line":39,"column":36},"end":{"line":39,"column":52}},{"start":{"line":39,"column":55},"end":{"line":39,"column":71}}]},"6":{"loc":{"start":{"line":43,"column":17},"end":{"line":43,"column":47}},"type":"cond-expr","locations":[{"start":{"line":43,"column":28},"end":{"line":43,"column":36}},{"start":{"line":43,"column":39},"end":{"line":43,"column":47}}]},"7":{"loc":{"start":{"line":47,"column":17},"end":{"line":47,"column":65}},"type":"binary-expr","locations":[{"start":{"line":47,"column":17},"end":{"line":47,"column":34}},{"start":{"line":47,"column":38},"end":{"line":47,"column":52}},{"start":{"line":47,"column":56},"end":{"line":47,"column":65}}]},"8":{"loc":{"start":{"line":51,"column":17},"end":{"line":51,"column":65}},"type":"binary-expr","locations":[{"start":{"line":51,"column":17},"end":{"line":51,"column":34}},{"start":{"line":51,"column":38},"end":{"line":51,"column":52}},{"start":{"line":51,"column":56},"end":{"line":51,"column":65}}]},"9":{"loc":{"start":{"line":55,"column":17},"end":{"line":55,"column":65}},"type":"binary-expr","locations":[{"start":{"line":55,"column":17},"end":{"line":55,"column":34}},{"start":{"line":55,"column":38},"end":{"line":55,"column":52}},{"start":{"line":55,"column":56},"end":{"line":55,"column":65}}]},"10":{"loc":{"start":{"line":59,"column":17},"end":{"line":59,"column":69}},"type":"cond-expr","locations":[{"start":{"line":59,"column":35},"end":{"line":59,"column":50}},{"start":{"line":59,"column":53},"end":{"line":59,"column":69}}]},"11":{"loc":{"start":{"line":63,"column":17},"end":{"line":63,"column":71}},"type":"cond-expr","locations":[{"start":{"line":63,"column":36},"end":{"line":63,"column":52}},{"start":{"line":63,"column":55},"end":{"line":63,"column":71}}]},"12":{"loc":{"start":{"line":67,"column":17},"end":{"line":67,"column":60}},"type":"cond-expr","locations":[{"start":{"line":67,"column":35},"end":{"line":67,"column":50}},{"start":{"line":67,"column":53},"end":{"line":67,"column":60}}]},"13":{"loc":{"start":{"line":71,"column":17},"end":{"line":71,"column":61}},"type":"cond-expr","locations":[{"start":{"line":71,"column":31},"end":{"line":71,"column":42}},{"start":{"line":71,"column":45},"end":{"line":71,"column":61}}]},"14":{"loc":{"start":{"line":75,"column":17},"end":{"line":75,"column":65}},"type":"cond-expr","locations":[{"start":{"line":75,"column":33},"end":{"line":75,"column":46}},{"start":{"line":75,"column":49},"end":{"line":75,"column":65}}]}},"s":{"0":1,"1":1,"2":1,"3":1,"4":6,"5":6,"6":12,"7":6,"8":1,"9":5,"10":1,"11":4,"12":3,"13":4,"14":1,"15":3,"16":1},"f":{"0":6,"1":12,"2":3},"b":{"0":[1],"1":[1],"2":[1],"3":[3,0],"4":[2,1],"5":[2,1],"6":[2,1],"7":[3,2,1],"8":[3,2,3],"9":[3,2,1],"10":[2,1],"11":[2,1],"12":[2,1],"13":[2,1],"14":[2,1]}}
,"/Users/ugur-mac/Projects/age-of-empires-app/src/pages/Units/index.tsx": {"path":"/Users/ugur-mac/Projects/age-of-empires-app/src/pages/Units/index.tsx","statementMap":{"0":{"start":{"line":1,"column":0},"end":{"line":1,"column":55}},"1":{"start":{"line":2,"column":0},"end":{"line":2,"column":43}},"2":{"start":{"line":3,"column":0},"end":{"line":3,"column":53}},"3":{"start":{"line":4,"column":0},"end":{"line":4,"column":55}},"4":{"start":{"line":5,"column":0},"end":{"line":5,"column":34}},"5":{"start":{"line":6,"column":0},"end":{"line":6,"column":48}},"6":{"start":{"line":9,"column":14},"end":{"line":35,"column":1}},"7":{"start":{"line":10,"column":19},"end":{"line":10,"column":32}},"8":{"start":{"line":11,"column":64},"end":{"line":11,"column":107}},"9":{"start":{"line":11,"column":95},"end":{"line":11,"column":106}},"10":{"start":{"line":13,"column":2},"end":{"line":15,"column":3}},"11":{"start":{"line":14,"column":4},"end":{"line":14,"column":29}},"12":{"start":{"line":17,"column":2},"end":{"line":19,"column":3}},"13":{"start":{"line":18,"column":4},"end":{"line":18,"column":33}},"14":{"start":{"line":21,"column":2},"end":{"line":23,"column":17}},"15":{"start":{"line":22,"column":4},"end":{"line":22,"column":26}},"16":{"start":{"line":25,"column":23},"end":{"line":25,"column":60}},"17":{"start":{"line":27,"column":2},"end":{"line":34,"column":null}},"18":{"start":{"line":37,"column":0},"end":{"line":37,"column":null}}},"fnMap":{"0":{"name":"(anonymous_0)","decl":{"start":{"line":9,"column":14},"end":{"line":9,"column":17}},"loc":{"start":{"line":9,"column":19},"end":{"line":35,"column":1}}},"1":{"name":"(anonymous_1)","decl":{"start":{"line":11,"column":76},"end":{"line":11,"column":77}},"loc":{"start":{"line":11,"column":95},"end":{"line":11,"column":106}}},"2":{"name":"(anonymous_2)","decl":{"start":{"line":21,"column":12},"end":{"line":21,"column":15}},"loc":{"start":{"line":21,"column":17},"end":{"line":23,"column":3}}}},"branchMap":{"0":{"loc":{"start":{"line":13,"column":2},"end":{"line":15,"column":3}},"type":"if","locations":[{"start":{"line":13,"column":2},"end":{"line":15,"column":3}}]},"1":{"loc":{"start":{"line":17,"column":2},"end":{"line":19,"column":3}},"type":"if","locations":[{"start":{"line":17,"column":2},"end":{"line":19,"column":3}}]},"2":{"loc":{"start":{"line":25,"column":23},"end":{"line":25,"column":60}},"type":"cond-expr","locations":[{"start":{"line":25,"column":39},"end":{"line":25,"column":52}},{"start":{"line":25,"column":55},"end":{"line":25,"column":60}}]}},"s":{"0":1,"1":1,"2":1,"3":1,"4":1,"5":1,"6":1,"7":7,"8":7,"9":14,"10":7,"11":1,"12":6,"13":1,"14":5,"15":5,"16":5,"17":5,"18":1},"f":{"0":7,"1":14,"2":5},"b":{"0":[1],"1":[1],"2":[5,0]}}
,"/Users/ugur-mac/Projects/age-of-empires-app/src/redux/actions/index.ts": {"path":"/Users/ugur-mac/Projects/age-of-empires-app/src/redux/actions/index.ts","statementMap":{"0":{"start":{"line":3,"column":13},"end":{"line":3,"column":57}},"1":{"start":{"line":4,"column":13},"end":{"line":4,"column":57}},"2":{"start":{"line":5,"column":13},"end":{"line":5,"column":57}},"3":{"start":{"line":6,"column":13},"end":{"line":6,"column":35}},"4":{"start":{"line":7,"column":13},"end":{"line":7,"column":51}},"5":{"start":{"line":8,"column":13},"end":{"line":8,"column":33}},"6":{"start":{"line":9,"column":13},"end":{"line":9,"column":47}},"7":{"start":{"line":10,"column":13},"end":{"line":10,"column":43}},"8":{"start":{"line":11,"column":13},"end":{"line":11,"column":43}},"9":{"start":{"line":13,"column":25},"end":{"line":15,"column":2}},"10":{"start":{"line":13,"column":32},"end":{"line":15,"column":2}},"11":{"start":{"line":13,"column":13},"end":{"line":13,"column":25}},"12":{"start":{"line":17,"column":32},"end":{"line":20,"column":2}},"13":{"start":{"line":17,"column":52},"end":{"line":20,"column":2}},"14":{"start":{"line":17,"column":13},"end":{"line":17,"column":32}},"15":{"start":{"line":22,"column":30},"end":{"line":25,"column":2}},"16":{"start":{"line":22,"column":47},"end":{"line":25,"column":2}},"17":{"start":{"line":22,"column":13},"end":{"line":22,"column":30}},"18":{"start":{"line":27,"column":28},"end":{"line":30,"column":2}},"19":{"start":{"line":27,"column":43},"end":{"line":30,"column":2}},"20":{"start":{"line":27,"column":13},"end":{"line":27,"column":28}},"21":{"start":{"line":32,"column":30},"end":{"line":35,"column":2}},"22":{"start":{"line":32,"column":79},"end":{"line":35,"column":2}},"23":{"start":{"line":32,"column":13},"end":{"line":32,"column":30}},"24":{"start":{"line":37,"column":29},"end":{"line":40,"column":2}},"25":{"start":{"line":37,"column":78},"end":{"line":40,"column":2}},"26":{"start":{"line":37,"column":13},"end":{"line":37,"column":29}}},"fnMap":{"0":{"name":"(anonymous_0)","decl":{"start":{"line":13,"column":25},"end":{"line":13,"column":28}},"loc":{"start":{"line":13,"column":32},"end":{"line":15,"column":2}}},"1":{"name":"(anonymous_1)","decl":{"start":{"line":17,"column":32},"end":{"line":17,"column":33}},"loc":{"start":{"line":17,"column":52},"end":{"line":20,"column":2}}},"2":{"name":"(anonymous_2)","decl":{"start":{"line":22,"column":30},"end":{"line":22,"column":31}},"loc":{"start":{"line":22,"column":47},"end":{"line":25,"column":2}}},"3":{"name":"(anonymous_3)","decl":{"start":{"line":27,"column":28},"end":{"line":27,"column":29}},"loc":{"start":{"line":27,"column":43},"end":{"line":30,"column":2}}},"4":{"name":"(anonymous_4)","decl":{"start":{"line":32,"column":30},"end":{"line":32,"column":31}},"loc":{"start":{"line":32,"column":79},"end":{"line":35,"column":2}}},"5":{"name":"(anonymous_5)","decl":{"start":{"line":37,"column":29},"end":{"line":37,"column":30}},"loc":{"start":{"line":37,"column":78},"end":{"line":40,"column":2}}}},"branchMap":{},"s":{"0":1,"1":1,"2":1,"3":1,"4":1,"5":1,"6":1,"7":1,"8":1,"9":1,"10":6,"11":1,"12":1,"13":0,"14":1,"15":1,"16":0,"17":1,"18":1,"19":0,"20":1,"21":1,"22":0,"23":1,"24":1,"25":0,"26":1},"f":{"0":6,"1":0,"2":0,"3":0,"4":0,"5":0},"b":{}}
}
