TN:
SF:src/components/AgesFilter/index.tsx
FN:3,(anonymous_0)
FN:34,(anonymous_1)
FN:43,(anonymous_2)
FNF:3
FNH:3
FNDA:8,(anonymous_0)
FNDA:2,(anonymous_1)
FNDA:40,(anonymous_2)
DA:1,2
DA:3,2
DA:4,8
DA:32,8
DA:34,8
DA:35,2
DA:36,2
DA:39,8
DA:43,40
DA:50,2
LF:10
LH:10
BRDA:43,0,0,8
BRDA:43,0,1,8
BRF:2
BRH:2
end_of_record
TN:
SF:src/components/CostFilters/index.tsx
FN:10,(anonymous_0)
FN:16,(anonymous_1)
FNF:2
FNH:2
FNDA:5,(anonymous_0)
FNDA:15,(anonymous_1)
DA:2,1
DA:10,1
DA:11,5
DA:17,15
DA:24,1
LF:5
LH:5
BRF:0
BRH:0
end_of_record
TN:
SF:src/components/CostRangeSlider/index.tsx
FN:9,(anonymous_0)
FN:11,(anonymous_1)
FN:14,(anonymous_2)
FN:26,(anonymous_3)
FN:48,(anonymous_4)
FN:59,(anonymous_5)
FN:60,(anonymous_6)
FNF:7
FNH:4
FNDA:18,(anonymous_0)
FNDA:36,(anonymous_1)
FNDA:1,(anonymous_2)
FNDA:0,(anonymous_3)
FNDA:1,(anonymous_4)
FNDA:0,(anonymous_5)
FNDA:0,(anonymous_6)
DA:1,2
DA:2,2
DA:3,2
DA:4,2
DA:9,2
DA:10,18
DA:11,36
DA:12,18
DA:14,18
DA:15,1
DA:16,1
DA:26,18
DA:27,0
DA:28,0
DA:38,18
DA:48,1
DA:59,0
DA:60,0
DA:67,2
LF:19
LH:15
BRF:0
BRH:0
end_of_record
TN:
SF:src/components/Header/Header.tsx
FN:3,(anonymous_0)
FNF:1
FNH:1
FNDA:3,(anonymous_0)
DA:1,1
DA:3,1
DA:4,3
DA:18,1
LF:4
LH:4
BRF:0
BRH:0
end_of_record
TN:
SF:src/components/Table/index.tsx
FN:10,(anonymous_0)
FNF:1
FNH:1
FNDA:5,(anonymous_0)
DA:2,1
DA:3,1
DA:10,1
DA:11,5
DA:19,1
LF:5
LH:5
BRDA:14,0,0,5
BRDA:14,0,1,5
BRF:2
BRH:2
end_of_record
TN:
SF:src/components/Table/TableContent/index.tsx
FN:9,(anonymous_0)
FN:12,(anonymous_1)
FN:18,(anonymous_2)
FNF:3
FNH:3
FNDA:5,(anonymous_0)
FNDA:5,(anonymous_1)
FNDA:10,(anonymous_2)
DA:2,1
DA:9,1
DA:10,5
DA:13,5
DA:19,10
DA:31,1
LF:6
LH:6
BRDA:12,0,0,0
BRDA:12,0,1,5
BRDA:18,1,0,5
BRDA:18,1,1,5
BRDA:21,2,0,5
BRDA:21,2,1,5
BRF:6
BRH:5
end_of_record
TN:
SF:src/components/Table/TableHead/index.tsx
FN:1,(anonymous_0)
FNF:1
FNH:1
FNDA:5,(anonymous_0)
DA:1,1
DA:2,5
DA:14,1
LF:3
LH:3
BRF:0
BRH:0
end_of_record
TN:
SF:src/pages/UnitDetail/index.tsx
FN:6,(anonymous_0)
FN:8,(anonymous_1)
FN:18,(anonymous_2)
FNF:3
FNH:3
FNDA:6,(anonymous_0)
FNDA:12,(anonymous_1)
FNDA:3,(anonymous_2)
DA:1,1
DA:2,1
DA:4,1
DA:6,1
DA:7,6
DA:8,12
DA:10,6
DA:11,1
DA:14,5
DA:15,1
DA:18,4
DA:20,4
DA:21,1
DA:24,3
DA:83,1
LF:15
LH:15
BRDA:10,0,0,1
BRDA:14,1,0,1
BRDA:20,2,0,1
BRDA:31,3,0,3
BRDA:31,3,1,0
BRDA:35,4,0,2
BRDA:35,4,1,1
BRDA:39,5,0,2
BRDA:39,5,1,1
BRDA:43,6,0,2
BRDA:43,6,1,1
BRDA:47,7,0,3
BRDA:47,7,1,2
BRDA:47,7,2,1
BRDA:51,8,0,3
BRDA:51,8,1,2
BRDA:51,8,2,3
BRDA:55,9,0,3
BRDA:55,9,1,2
BRDA:55,9,2,1
BRDA:59,10,0,2
BRDA:59,10,1,1
BRDA:63,11,0,2
BRDA:63,11,1,1
BRDA:67,12,0,2
BRDA:67,12,1,1
BRDA:71,13,0,2
BRDA:71,13,1,1
BRDA:75,14,0,2
BRDA:75,14,1,1
BRF:30
BRH:29
end_of_record
TN:
SF:src/pages/Units/index.tsx
FN:9,(anonymous_0)
FN:11,(anonymous_1)
FN:21,(anonymous_2)
FNF:3
FNH:3
FNDA:7,(anonymous_0)
FNDA:14,(anonymous_1)
FNDA:5,(anonymous_2)
DA:1,1
DA:2,1
DA:3,1
DA:4,1
DA:5,1
DA:6,1
DA:9,1
DA:10,7
DA:11,14
DA:13,7
DA:14,1
DA:17,6
DA:18,1
DA:21,5
DA:22,5
DA:25,5
DA:27,5
DA:37,1
LF:18
LH:18
BRDA:13,0,0,1
BRDA:17,1,0,1
BRDA:25,2,0,5
BRDA:25,2,1,0
BRF:4
BRH:3
end_of_record
TN:
SF:src/redux/actions/index.ts
FN:13,(anonymous_0)
FN:17,(anonymous_1)
FN:22,(anonymous_2)
FN:27,(anonymous_3)
FN:32,(anonymous_4)
FN:37,(anonymous_5)
FNF:6
FNH:1
FNDA:6,(anonymous_0)
FNDA:0,(anonymous_1)
FNDA:0,(anonymous_2)
FNDA:0,(anonymous_3)
FNDA:0,(anonymous_4)
FNDA:0,(anonymous_5)
DA:3,1
DA:4,1
DA:5,1
DA:6,1
DA:7,1
DA:8,1
DA:9,1
DA:10,1
DA:11,1
DA:13,6
DA:17,1
DA:22,1
DA:27,1
DA:32,1
DA:37,1
LF:15
LH:15
BRF:0
BRH:0
end_of_record
